QA output created by 1089
starting pcp-atop with no limit, we should have to kill this instance


hinv.ncpu
    value INTEGER

hinv.ndisk
    value INTEGER

hinv.ninterface
    value INTEGER
pcp-atop output ...
pcp-atop stderr ...
starting pcp-atop with a sample count, should end automatically
ps output should be empty


hinv.ncpu
    value INTEGER

hinv.ndisk
    value INTEGER

hinv.ninterface
    value INTEGER
checking archive has atop creator label ...
atop label found
pcp-atop output ...
pcp-atop stderr ...
