QA output created by 1685
== Testing source instance domain
dbpmda> open pipe $PCP_PYTHON_PROG $PCP_PMDAS_DIR/chrony/pmdachrony.python
Start python PMDA: $PCP_PYTHON_PROG $PCP_PMDAS_DIR/chrony/pmdachrony.python
dbpmda> instance 165.0
pmInDom: 165.0
[  0] inst: 0 name: "192.0.2.1"
[  1] inst: 1 name: "192.0.2.2"
dbpmda> 
== Testing tracking metrics
dbpmda> open pipe $PCP_PYTHON_PROG $PCP_PMDAS_DIR/chrony/pmdachrony.python
Start python PMDA: $PCP_PYTHON_PROG $PCP_PMDAS_DIR/chrony/pmdachrony.python
dbpmda> getdesc on
dbpmda> desc chrony.tracking.ref_id
PMID: 165.0.0
    Data Type: 32-bit unsigned int  InDom: PM_INDOM_NULL 0xffffffff
    Semantics: discrete  Units: none
dbpmda> desc chrony.tracking.stratum
PMID: 165.0.2
    Data Type: 32-bit unsigned int  InDom: PM_INDOM_NULL 0xffffffff
    Semantics: discrete  Units: none
dbpmda> desc chrony.tracking.leap_status
PMID: 165.0.13
    Data Type: string  InDom: PM_INDOM_NULL 0xffffffff
    Semantics: discrete  Units: none
dbpmda> fetch chrony.tracking.ref_id
PMID(s): 165.0.0
__pmResult ... numpmid: 1
  165.0.0 (<noname>): numval: 1 valfmt: 0 vlist[]:
   value 1144201745
dbpmda> fetch chrony.tracking.stratum
PMID(s): 165.0.2
__pmResult ... numpmid: 1
  165.0.2 (<noname>): numval: 1 valfmt: 0 vlist[]:
   value 2
dbpmda> fetch chrony.tracking.leap_status
PMID(s): 165.0.13
__pmResult ... numpmid: 1
  165.0.13 (<noname>): numval: 1 valfmt: 1 vlist[]:
   value "Normal"
dbpmda> fetch chrony.tracking.freq
PMID(s): 165.0.7
__pmResult ... numpmid: 1
  165.0.7 (<noname>): numval: 1 valfmt: 1 vlist[]:
   value -1.234
dbpmda> 
== Testing sources metrics
dbpmda> open pipe $PCP_PYTHON_PROG $PCP_PMDAS_DIR/chrony/pmdachrony.python
Start python PMDA: $PCP_PYTHON_PROG $PCP_PMDAS_DIR/chrony/pmdachrony.python
dbpmda> getdesc on
dbpmda> desc chrony.sources.m
PMID: 165.1.0
    Data Type: string  InDom: 165.0 0x29400000
    Semantics: discrete  Units: none
dbpmda> desc chrony.sources.stratum
PMID: 165.1.3
    Data Type: 32-bit unsigned int  InDom: 165.0 0x29400000
    Semantics: discrete  Units: none
dbpmda> fetch chrony.sources.m
PMID(s): 165.1.0
__pmResult ... numpmid: 1
  165.1.0 (<noname>): numval: 2 valfmt: 1 vlist[]:
    inst [0 or ???] value "^"
    inst [1 or ???] value "^"
dbpmda> fetch chrony.sources.stratum
PMID(s): 165.1.3
__pmResult ... numpmid: 1
  165.1.3 (<noname>): numval: 2 valfmt: 0 vlist[]:
    inst [0 or ???] value 2
    inst [1 or ???] value 3
dbpmda> 
== Testing sourcestats metrics
dbpmda> open pipe $PCP_PYTHON_PROG $PCP_PMDAS_DIR/chrony/pmdachrony.python
Start python PMDA: $PCP_PYTHON_PROG $PCP_PMDAS_DIR/chrony/pmdachrony.python
dbpmda> getdesc on
dbpmda> desc chrony.sourcestats.np
PMID: 165.2.1
    Data Type: 32-bit unsigned int  InDom: 165.0 0x29400000
    Semantics: discrete  Units: count
dbpmda> desc chrony.sourcestats.offset
PMID: 165.2.6
    Data Type: double  InDom: 165.0 0x29400000
    Semantics: instant  Units: sec
dbpmda> fetch chrony.sourcestats.np
PMID(s): 165.2.1
__pmResult ... numpmid: 1
  165.2.1 (<noname>): numval: 2 valfmt: 0 vlist[]:
    inst [0 or ???] value 20
    inst [1 or ???] value 15
dbpmda> fetch chrony.sourcestats.offset
PMID(s): 165.2.6
__pmResult ... numpmid: 1
  165.2.6 (<noname>): numval: 2 valfmt: 1 vlist[]:
    inst [0 or ???] value -0.001234567
    inst [1 or ???] value 0.002345678
dbpmda> 
